Determining if the pthread_create exist failed with the following output:
Change Dir: /home/anirudh/Desktop/UMD SEM 3/808X-Software/week4/Cpp-boilerplate_testdriven/build/CMakeFiles/CMakeTmp

Run Build Command:"/usr/bin/make" "cmTC_3a17c/fast"
make[1]: Entering directory '/home/anirudh/Desktop/UMD SEM 3/808X-Software/week4/Cpp-boilerplate_testdriven/build/CMakeFiles/CMakeTmp'
/usr/bin/make -f CMakeFiles/cmTC_3a17c.dir/build.make CMakeFiles/cmTC_3a17c.dir/build
make[2]: Entering directory '/home/anirudh/Desktop/UMD SEM 3/808X-Software/week4/Cpp-boilerplate_testdriven/build/CMakeFiles/CMakeTmp'
Building C object CMakeFiles/cmTC_3a17c.dir/CheckSymbolExists.c.o
/usr/bin/cc     -o CMakeFiles/cmTC_3a17c.dir/CheckSymbolExists.c.o   -c "/home/anirudh/Desktop/UMD SEM 3/808X-Software/week4/Cpp-boilerplate_testdriven/build/CMakeFiles/CMakeTmp/CheckSymbolExists.c"
Linking C executable cmTC_3a17c
/usr/bin/cmake -E cmake_link_script CMakeFiles/cmTC_3a17c.dir/link.txt --verbose=1
/usr/bin/cc       CMakeFiles/cmTC_3a17c.dir/CheckSymbolExists.c.o  -o cmTC_3a17c -rdynamic 
CMakeFiles/cmTC_3a17c.dir/CheckSymbolExists.c.o: In function `main':
CheckSymbolExists.c:(.text+0x16): undefined reference to `pthread_create'
collect2: error: ld returned 1 exit status
CMakeFiles/cmTC_3a17c.dir/build.make:97: recipe for target 'cmTC_3a17c' failed
make[2]: *** [cmTC_3a17c] Error 1
make[2]: Leaving directory '/home/anirudh/Desktop/UMD SEM 3/808X-Software/week4/Cpp-boilerplate_testdriven/build/CMakeFiles/CMakeTmp'
Makefile:126: recipe for target 'cmTC_3a17c/fast' failed
make[1]: *** [cmTC_3a17c/fast] Error 2
make[1]: Leaving directory '/home/anirudh/Desktop/UMD SEM 3/808X-Software/week4/Cpp-boilerplate_testdriven/build/CMakeFiles/CMakeTmp'

File /home/anirudh/Desktop/UMD SEM 3/808X-Software/week4/Cpp-boilerplate_testdriven/build/CMakeFiles/CMakeTmp/CheckSymbolExists.c:
/* */
#include <pthread.h>

int main(int argc, char** argv)
{
  (void)argv;
#ifndef pthread_create
  return ((int*)(&pthread_create))[argc];
#else
  (void)argc;
  return 0;
#endif
}

Determining if the function pthread_create exists in the pthreads failed with the following output:
Change Dir: /home/anirudh/Desktop/UMD SEM 3/808X-Software/week4/Cpp-boilerplate_testdriven/build/CMakeFiles/CMakeTmp

Run Build Command:"/usr/bin/make" "cmTC_ad1cb/fast"
make[1]: Entering directory '/home/anirudh/Desktop/UMD SEM 3/808X-Software/week4/Cpp-boilerplate_testdriven/build/CMakeFiles/CMakeTmp'
/usr/bin/make -f CMakeFiles/cmTC_ad1cb.dir/build.make CMakeFiles/cmTC_ad1cb.dir/build
make[2]: Entering directory '/home/anirudh/Desktop/UMD SEM 3/808X-Software/week4/Cpp-boilerplate_testdriven/build/CMakeFiles/CMakeTmp'
Building C object CMakeFiles/cmTC_ad1cb.dir/CheckFunctionExists.c.o
/usr/bin/cc    -DCHECK_FUNCTION_EXISTS=pthread_create   -o CMakeFiles/cmTC_ad1cb.dir/CheckFunctionExists.c.o   -c /usr/share/cmake-3.5/Modules/CheckFunctionExists.c
Linking C executable cmTC_ad1cb
/usr/bin/cmake -E cmake_link_script CMakeFiles/cmTC_ad1cb.dir/link.txt --verbose=1
/usr/bin/cc   -DCHECK_FUNCTION_EXISTS=pthread_create    CMakeFiles/cmTC_ad1cb.dir/CheckFunctionExists.c.o  -o cmTC_ad1cb -rdynamic -lpthreads 
/usr/bin/ld: cannot find -lpthreads
collect2: error: ld returned 1 exit status
CMakeFiles/cmTC_ad1cb.dir/build.make:97: recipe for target 'cmTC_ad1cb' failed
make[2]: *** [cmTC_ad1cb] Error 1
make[2]: Leaving directory '/home/anirudh/Desktop/UMD SEM 3/808X-Software/week4/Cpp-boilerplate_testdriven/build/CMakeFiles/CMakeTmp'
Makefile:126: recipe for target 'cmTC_ad1cb/fast' failed
make[1]: *** [cmTC_ad1cb/fast] Error 2
make[1]: Leaving directory '/home/anirudh/Desktop/UMD SEM 3/808X-Software/week4/Cpp-boilerplate_testdriven/build/CMakeFiles/CMakeTmp'


